-------------------------------------------------------------------------------
Test set: com.feifei.o2o.BaseTest
-------------------------------------------------------------------------------
Tests run: 1, Failures: 0, Errors: 1, Skipped: 0, Time elapsed: 0.056 s <<< FAILURE! - in com.feifei.o2o.BaseTest
initializationError(com.feifei.o2o.BaseTest)  Time elapsed: 0.003 s  <<< ERROR!
java.lang.Exception: No runnable methods

